<?xml version="1.0" encoding="UTF-8"?>
<testsuite name="tests.LoginTests" tests="1" skipped="1" failures="0" errors="0" timestamp="2022-05-21T17:37:35" hostname="desktopirina" time="0.0">
  <properties/>
  <testcase name="loginSuccessHomeWork2" classname="tests.LoginTests" time="0.0">
    <skipped/>
  </testcase>
  <system-out><![CDATA[]]></system-out>
  <system-err><![CDATA[]]></system-err>
</testsuite>
